1647843080507	geckodriver	INFO	Listening on 127.0.0.1:57210
1647843083622	mozrunner::runner	INFO	Running command: "C:\\Program Files\\Mozilla Firefox\\firefox.exe" "--marionette" "--remote-debugging-port" "57211" "-no-remote" "-profile" "C:\\Users\\sven\\AppData\\Local\\Temp\\rust_mozprofilerLsg0L"
1647843084799	Marionette	INFO	Marionette enabled
console.warn: SearchSettings: "get: No settings file exists, new profile?" (new NotFoundError("Could not open the file at C:\\Users\\sven\\AppData\\Local\\Temp\\rust_mozprofilerLsg0L\\search.json.mozlz4", (void 0)))
DevTools listening on ws://localhost:57211/devtools/browser/3047ff3f-9109-4cd0-80e3-f706a3585212
1647843088201	Marionette	INFO	Listening on port 57220
1647843088570	RemoteAgent	WARN	TLS certificate errors will be ignored for this session
1647843095179	Marionette	INFO	Stopped listening on port 57220

###!!! [Parent][PGPUParent] Error: RunMessage(msgname=PGPU::Msg_ShutdownVR) Channel closing: too late to send/recv, messages will be lost

1647845737129	geckodriver	INFO	Listening on 127.0.0.1:58404
1647845740252	mozrunner::runner	INFO	Running command: "C:\\Program Files\\Mozilla Firefox\\firefox.exe" "--marionette" "--remote-debugging-port" "58405" "-no-remote" "-profile" "C:\\Users\\sven\\AppData\\Local\\Temp\\rust_mozprofilenwRJri"
1647845741227	Marionette	INFO	Marionette enabled
console.warn: SearchSettings: "get: No settings file exists, new profile?" (new NotFoundError("Could not open the file at C:\\Users\\sven\\AppData\\Local\\Temp\\rust_mozprofilenwRJri\\search.json.mozlz4", (void 0)))
DevTools listening on ws://localhost:58405/devtools/browser/0900ac1b-d62d-4ff3-8c41-a145319876ec
1647845744908	Marionette	INFO	Listening on port 58411
1647845745138	RemoteAgent	WARN	TLS certificate errors will be ignored for this session
1647845745470	Marionette	INFO	Stopped listening on port 58411
1647845796026	geckodriver	INFO	Listening on 127.0.0.1:58469
1647845799153	mozrunner::runner	INFO	Running command: "C:\\Program Files\\Mozilla Firefox\\firefox.exe" "--marionette" "--remote-debugging-port" "58470" "-no-remote" "-profile" "C:\\Users\\sven\\AppData\\Local\\Temp\\rust_mozprofileJjl7ZW"
1647845799594	Marionette	INFO	Marionette enabled
console.warn: SearchSettings: "get: No settings file exists, new profile?" (new NotFoundError("Could not open the file at C:\\Users\\sven\\AppData\\Local\\Temp\\rust_mozprofileJjl7ZW\\search.json.mozlz4", (void 0)))
DevTools listening on ws://localhost:58470/devtools/browser/784fe5bf-27bd-4c3e-9132-acb708a25217
1647845802453	Marionette	INFO	Listening on port 58476
1647845802859	RemoteAgent	WARN	TLS certificate errors will be ignored for this session
1647845802970	Marionette	INFO	Stopped listening on port 58476

###!!! [Parent][PGPUParent] Error: RunMessage(msgname=PGPU::Msg_ShutdownVR) Channel closing: too late to send/recv, messages will be lost

1647914699817	geckodriver	INFO	Listening on 127.0.0.1:56790
1647914702946	mozrunner::runner	INFO	Running command: "C:\\Program Files\\Mozilla Firefox\\firefox.exe" "--marionette" "--remote-debugging-port" "56791" "-no-remote" "-profile" "C:\\Users\\sven\\AppData\\Local\\Temp\\rust_mozprofile422S8X"
1647914703926	Marionette	INFO	Marionette enabled
console.warn: SearchSettings: "get: No settings file exists, new profile?" (new NotFoundError("Could not open the file at C:\\Users\\sven\\AppData\\Local\\Temp\\rust_mozprofile422S8X\\search.json.mozlz4", (void 0)))
DevTools listening on ws://localhost:56791/devtools/browser/129048d7-be27-459b-afb1-e6b8800e42fa
1647914707648	Marionette	INFO	Listening on port 56797
1647914707796	RemoteAgent	WARN	TLS certificate errors will be ignored for this session
1647914707941	Marionette	INFO	Stopped listening on port 56797

###!!! [Parent][PGPUParent] Error: RunMessage(msgname=PGPU::Msg_ShutdownVR) Channel closing: too late to send/recv, messages will be lost

1647914756874	geckodriver	INFO	Listening on 127.0.0.1:56852
1647914759936	mozrunner::runner	INFO	Running command: "C:\\Program Files\\Mozilla Firefox\\firefox.exe" "--marionette" "--remote-debugging-port" "56853" "-no-remote" "-profile" "C:\\Users\\sven\\AppData\\Local\\Temp\\rust_mozprofileM2lBxd"
1647914760465	Marionette	INFO	Marionette enabled
console.warn: SearchSettings: "get: No settings file exists, new profile?" (new NotFoundError("Could not open the file at C:\\Users\\sven\\AppData\\Local\\Temp\\rust_mozprofileM2lBxd\\search.json.mozlz4", (void 0)))
DevTools listening on ws://localhost:56853/devtools/browser/2766cc49-4737-4dcc-85b6-2a2584264705
1647914763009	Marionette	INFO	Listening on port 56859
1647914763178	RemoteAgent	WARN	TLS certificate errors will be ignored for this session
1647914763294	Marionette	INFO	Stopped listening on port 56859

###!!! [Parent][PGPUParent] Error: RunMessage(msgname=PGPU::Msg_ShutdownVR) Channel closing: too late to send/recv, messages will be lost

1647914859445	geckodriver	INFO	Listening on 127.0.0.1:56931
1647914862539	mozrunner::runner	INFO	Running command: "C:\\Program Files\\Mozilla Firefox\\firefox.exe" "--marionette" "--remote-debugging-port" "56932" "-no-remote" "-profile" "C:\\Users\\sven\\AppData\\Local\\Temp\\rust_mozprofile8m7HEs"
1647914862934	Marionette	INFO	Marionette enabled
console.warn: SearchSettings: "get: No settings file exists, new profile?" (new NotFoundError("Could not open the file at C:\\Users\\sven\\AppData\\Local\\Temp\\rust_mozprofile8m7HEs\\search.json.mozlz4", (void 0)))
DevTools listening on ws://localhost:56932/devtools/browser/f1fd1b07-14ed-413e-836a-8e8f6c840dcf
1647914865357	Marionette	INFO	Listening on port 56938
1647914865734	RemoteAgent	WARN	TLS certificate errors will be ignored for this session
1647914868871	Marionette	INFO	Stopped listening on port 56938

###!!! [Parent][PGPUParent] Error: RunMessage(msgname=PGPU::Msg_ShutdownVR) Channel closing: too late to send/recv, messages will be lost

1647915223730	geckodriver	INFO	Listening on 127.0.0.1:57107
1647915226848	mozrunner::runner	INFO	Running command: "C:\\Program Files\\Mozilla Firefox\\firefox.exe" "--marionette" "--remote-debugging-port" "57108" "-no-remote" "-profile" "C:\\Users\\sven\\AppData\\Local\\Temp\\rust_mozprofilePryQlA"
1647915227327	Marionette	INFO	Marionette enabled
console.warn: SearchSettings: "get: No settings file exists, new profile?" (new NotFoundError("Could not open the file at C:\\Users\\sven\\AppData\\Local\\Temp\\rust_mozprofilePryQlA\\search.json.mozlz4", (void 0)))
DevTools listening on ws://localhost:57108/devtools/browser/a9765dc4-12b6-43d0-9357-498e3baeaea9
1647915230395	Marionette	INFO	Listening on port 57116
1647915230576	RemoteAgent	WARN	TLS certificate errors will be ignored for this session
1647915233766	Marionette	INFO	Stopped listening on port 57116

###!!! [Parent][PGPUParent] Error: RunMessage(msgname=PGPU::Msg_ShutdownVR) Channel closing: too late to send/recv, messages will be lost

1647916198474	geckodriver	INFO	Listening on 127.0.0.1:57585
1647916201575	mozrunner::runner	INFO	Running command: "C:\\Program Files\\Mozilla Firefox\\firefox.exe" "--marionette" "--remote-debugging-port" "57586" "-no-remote" "-profile" "C:\\Users\\sven\\AppData\\Local\\Temp\\rust_mozprofile1IPmC8"
1647916202471	Marionette	INFO	Marionette enabled
console.warn: SearchSettings: "get: No settings file exists, new profile?" (new NotFoundError("Could not open the file at C:\\Users\\sven\\AppData\\Local\\Temp\\rust_mozprofile1IPmC8\\search.json.mozlz4", (void 0)))
DevTools listening on ws://localhost:57586/devtools/browser/a4ebd5c7-e734-46bb-b035-57ac1af22859
1647916205851	Marionette	INFO	Listening on port 57592
1647916205908	RemoteAgent	WARN	TLS certificate errors will be ignored for this session
1647916209122	Marionette	INFO	Stopped listening on port 57592

###!!! [Parent][PGPUParent] Error: RunMessage(msgname=PGPU::Msg_ShutdownVR) Channel closing: too late to send/recv, messages will be lost

1647916242753	geckodriver	INFO	Listening on 127.0.0.1:57649
1647916245865	mozrunner::runner	INFO	Running command: "C:\\Program Files\\Mozilla Firefox\\firefox.exe" "--marionette" "--remote-debugging-port" "57650" "-no-remote" "-profile" "C:\\Users\\sven\\AppData\\Local\\Temp\\rust_mozprofile3hoEQC"
1647916246345	Marionette	INFO	Marionette enabled
console.warn: SearchSettings: "get: No settings file exists, new profile?" (new NotFoundError("Could not open the file at C:\\Users\\sven\\AppData\\Local\\Temp\\rust_mozprofile3hoEQC\\search.json.mozlz4", (void 0)))
DevTools listening on ws://localhost:57650/devtools/browser/0bf36f07-cfd0-46a4-bfa5-ffbb76bec20b
1647916248931	Marionette	INFO	Listening on port 57657
1647916249052	RemoteAgent	WARN	TLS certificate errors will be ignored for this session
1647916249215	Marionette	INFO	Stopped listening on port 57657

###!!! [Parent][PGPUParent] Error: RunMessage(msgname=PGPU::Msg_ShutdownVR) Channel closing: too late to send/recv, messages will be lost

1647916301469	geckodriver	INFO	Listening on 127.0.0.1:57705
1647916304554	mozrunner::runner	INFO	Running command: "C:\\Program Files\\Mozilla Firefox\\firefox.exe" "--marionette" "--remote-debugging-port" "57706" "-no-remote" "-profile" "C:\\Users\\sven\\AppData\\Local\\Temp\\rust_mozprofileCiAqge"
1647916304942	Marionette	INFO	Marionette enabled
console.warn: SearchSettings: "get: No settings file exists, new profile?" (new NotFoundError("Could not open the file at C:\\Users\\sven\\AppData\\Local\\Temp\\rust_mozprofileCiAqge\\search.json.mozlz4", (void 0)))
DevTools listening on ws://localhost:57706/devtools/browser/6d20ed3a-476a-41ed-9116-97c323f43616
1647916307596	Marionette	INFO	Listening on port 57714
1647916307740	RemoteAgent	WARN	TLS certificate errors will be ignored for this session
JavaScript error: resource://gre/actors/AutoCompleteChild.jsm, line 125: Error: Invalid autocomplete selectedIndex
1647916311043	Marionette	INFO	Stopped listening on port 57714

###!!! [Parent][PGPUParent] Error: RunMessage(msgname=PGPU::Msg_ShutdownVR) Channel closing: too late to send/recv, messages will be lost

1647916429866	geckodriver	INFO	Listening on 127.0.0.1:57798
1647916432989	mozrunner::runner	INFO	Running command: "C:\\Program Files\\Mozilla Firefox\\firefox.exe" "--marionette" "--remote-debugging-port" "57799" "-no-remote" "-profile" "C:\\Users\\sven\\AppData\\Local\\Temp\\rust_mozprofileJ8TPyO"
1647916433389	Marionette	INFO	Marionette enabled
console.warn: SearchSettings: "get: No settings file exists, new profile?" (new NotFoundError("Could not open the file at C:\\Users\\sven\\AppData\\Local\\Temp\\rust_mozprofileJ8TPyO\\search.json.mozlz4", (void 0)))
DevTools listening on ws://localhost:57799/devtools/browser/444fdfe0-f6a4-48ef-9107-e87618d98088
1647916435770	Marionette	INFO	Listening on port 57805
1647916436196	RemoteAgent	WARN	TLS certificate errors will be ignored for this session
JavaScript error: resource://gre/actors/AutoCompleteChild.jsm, line 125: Error: Invalid autocomplete selectedIndex
1647916439441	Marionette	INFO	Stopped listening on port 57805

###!!! [Parent][PGPUParent] Error: RunMessage(msgname=PGPU::Msg_ShutdownVR) Channel closing: too late to send/recv, messages will be lost

